<?xml version="1.0" encoding="UTF-8"?>
<testng-results ignored="0" total="1" passed="1" failed="0" skipped="0">
  <reporter-output>
  </reporter-output>
  <suite started-at="2023-01-03T14:30:03 IST" name="Default suite" finished-at="2023-01-03T14:31:54 IST" duration-ms="111127">
    <groups>
    </groups>
    <test started-at="2023-01-03T14:30:03 IST" name="Default test" finished-at="2023-01-03T14:31:54 IST" duration-ms="111127">
      <class name="byjus.testhome">
        <test-method is-config="true" signature="beforeclass()[pri:0, instance:byjus.testhome@63355449]" started-at="2023-01-03T14:30:03 IST" name="beforeclass" finished-at="2023-01-03T14:30:40 IST" duration-ms="37608" status="PASS">
          <reporter-output>
          </reporter-output>
        </test-method> <!-- beforeclass -->
        <test-method is-config="true" signature="beforemethod()[pri:0, instance:byjus.testhome@63355449]" started-at="2023-01-03T14:30:40 IST" name="beforemethod" finished-at="2023-01-03T14:30:40 IST" duration-ms="58" status="PASS">
          <reporter-output>
          </reporter-output>
        </test-method> <!-- beforemethod -->
        <test-method signature="test()[pri:0, instance:byjus.testhome@63355449]" started-at="2023-01-03T14:30:40 IST" name="test" finished-at="2023-01-03T14:31:53 IST" duration-ms="73223" status="PASS">
          <reporter-output>
          </reporter-output>
        </test-method> <!-- test -->
        <test-method is-config="true" signature="afterclass()[pri:0, instance:byjus.testhome@63355449]" started-at="2023-01-03T14:31:53 IST" name="afterclass" finished-at="2023-01-03T14:31:54 IST" duration-ms="182" status="PASS">
          <reporter-output>
          </reporter-output>
        </test-method> <!-- afterclass -->
      </class> <!-- byjus.testhome -->
    </test> <!-- Default test -->
  </suite> <!-- Default suite -->
</testng-results>
